time,model_id,model_name,port_name,data
0,1,sink_online,,{count:0}
0,2,traveler,,{phase:idle,steps:0,sigma:inf}
0,3,curbside,,{phase:idle,sigma:inf,queued:0}
0,4,packer,,{phase:idle,sigma:inf}
0,5,payment,,{phase:idle,sigma:inf,queued:0}
0,6,self1,,{phase:idle,lane:4,sigma:inf}
0,7,self0,,{phase:idle,lane:3,sigma:inf}
0,8,sink_walkin,,{count:0}
0,9,cash2,,{phase:idle,lane:2,sigma:inf}
0,10,cash0,,{phase:idle,lane:0,sigma:inf}
0,11,cash1,,{phase:idle,lane:1,sigma:inf}
0,12,distributor,,{phase:idle,hold:0,ok:0,q:[0,0,0,0,0],outbox:0,online:0}
0,13,generator,,{phase:running,sigma:0,nextId:0}
0,12,distributor,,{phase:send,hold:0,ok:0,q:[0,0,0,0,0],outbox:0,online:1}
0,13,generator,customerOut,{id:0,items:21,online:1,pay:card,travel:352.986,search:115.729}
0,13,generator,,{phase:running,sigma:75.7806,nextId:1}
0,4,packer,,{phase:packing,sigma:115.729}
0,12,distributor,out_online,{id:0,items:21,online:1,pay:card,travel:352.986,search:115.729}
0,12,distributor,,{phase:idle,hold:0,ok:0,q:[0,0,0,0,0],outbox:0,online:0}
75.7806,12,distributor,,{phase:send,hold:0,ok:0,q:[0,0,0,0,0],outbox:0,online:1}
75.7806,13,generator,customerOut,{id:1,items:17,online:1,pay:cash,travel:365.532,search:237.591}
75.7806,13,generator,,{phase:running,sigma:101.297,nextId:2}
75.7806,4,packer,,{phase:packing,sigma:115.729}
75.7806,12,distributor,out_online,{id:1,items:17,online:1,pay:cash,travel:365.532,search:237.591}
75.7806,12,distributor,,{phase:idle,hold:0,ok:0,q:[0,0,0,0,0],outbox:0,online:0}
177.078,12,distributor,,{phase:send,hold:0,ok:0,q:[1,0,0,0,0],outbox:1,online:0}
177.078,13,generator,customerOut,{id:2,items:27,online:0,pay:card,travel:398.905,search:5.72546}
177.078,13,generator,,{phase:running,sigma:4.54825,nextId:3}
177.078,10,cash0,,{phase:busy,lane:0,sigma:27}
177.078,12,distributor,out_cash0,{id:2,items:27,online:0,pay:card,travel:398.905,search:5.72546}
177.078,12,distributor,out_whichLane,0
177.078,12,distributor,,{phase:idle,hold:0,ok:0,q:[1,0,0,0,0],outbox:0,online:0}
181.626,12,distributor,,{phase:send,hold:0,ok:0,q:[1,1,0,0,0],outbox:1,online:0}
181.626,13,generator,customerOut,{id:3,items:32,online:0,pay:card,travel:242.458,search:49.2525}
181.626,13,generator,,{phase:running,sigma:85.7647,nextId:4}
181.626,11,cash1,,{phase:busy,lane:1,sigma:32}
181.626,12,distributor,out_cash1,{id:3,items:32,online:0,pay:card,travel:242.458,search:49.2525}
181.626,12,distributor,out_whichLane,1
181.626,12,distributor,,{phase:idle,hold:0,ok:0,q:[1,1,0,0,0],outbox:0,online:0}
191.51,3,curbside,,{phase:busy,sigma:352.986,queued:0}
191.51,4,packer,out_packed,{id:0,items:21,online:1,pay:card,travel:352.986,search:115.729}
191.51,4,packer,,{phase:idle,sigma:inf}
204.078,5,payment,,{phase:busy,sigma:7.88511,queued:0}
204.078,10,cash0,out_toPayment,{id:2,items:27,online:0,pay:card,travel:398.905,search:5.72546}
204.078,10,cash0,out_free,0
204.078,10,cash0,,{phase:idle,lane:0,sigma:inf}
204.078,12,distributor,,{phase:send,hold:0,ok:1,q:[0,1,0,0,0],outbox:0,online:0}
204.078,12,distributor,out_okGo,1
204.078,12,distributor,,{phase:idle,hold:0,ok:0,q:[0,1,0,0,0],outbox:0,online:0}
204.078,13,generator,,{phase:running,sigma:63.3129,nextId:4}
211.963,2,traveler,,{phase:travel,steps:10,sigma:1}
211.963,5,payment,custOut,{id:2,items:27,online:0,pay:card,travel:398.905,search:5.72546}
211.963,5,payment,,{phase:idle,sigma:inf,queued:0}
212.963,2,traveler,,{phase:travel,steps:9,sigma:1}
213.626,5,payment,,{phase:busy,sigma:12.6773,queued:0}
213.626,11,cash1,out_toPayment,{id:3,items:32,online:0,pay:card,travel:242.458,search:49.2525}
213.626,11,cash1,out_free,1
213.626,11,cash1,,{phase:idle,lane:1,sigma:inf}
213.626,12,distributor,,{phase:send,hold:0,ok:1,q:[0,0,0,0,0],outbox:0,online:0}
213.626,12,distributor,out_okGo,1
213.626,12,distributor,,{phase:idle,hold:0,ok:0,q:[0,0,0,0,0],outbox:0,online:0}
213.626,13,generator,,{phase:running,sigma:53.7647,nextId:4}
213.963,2,traveler,,{phase:travel,steps:8,sigma:1}
214.963,2,traveler,,{phase:travel,steps:7,sigma:1}
215.963,2,traveler,,{phase:travel,steps:6,sigma:1}
216.963,2,traveler,,{phase:travel,steps:5,sigma:1}
217.963,2,traveler,,{phase:travel,steps:4,sigma:1}
218.963,2,traveler,,{phase:travel,steps:3,sigma:1}
219.963,2,traveler,,{phase:travel,steps:2,sigma:1}
220.963,2,traveler,,{phase:travel,steps:1,sigma:1}
221.963,2,traveler,custArrived,{id:2,items:27,online:0,pay:card,travel:398.905,search:5.72546}
221.963,2,traveler,,{phase:idle,steps:0,sigma:inf}
221.963,8,sink_walkin,,{count:1}
226.304,2,traveler,,{phase:travel,steps:10,sigma:1}
226.304,5,payment,custOut,{id:3,items:32,online:0,pay:card,travel:242.458,search:49.2525}
226.304,5,payment,,{phase:idle,sigma:inf,queued:0}
227.304,2,traveler,,{phase:travel,steps:9,sigma:1}
228.304,2,traveler,,{phase:travel,steps:8,sigma:1}
229.304,2,traveler,,{phase:travel,steps:7,sigma:1}
230.304,2,traveler,,{phase:travel,steps:6,sigma:1}
231.304,2,traveler,,{phase:travel,steps:5,sigma:1}
232.304,2,traveler,,{phase:travel,steps:4,sigma:1}
233.304,2,traveler,,{phase:travel,steps:3,sigma:1}
234.304,2,traveler,,{phase:travel,steps:2,sigma:1}
235.304,2,traveler,,{phase:travel,steps:1,sigma:1}
236.304,2,traveler,custArrived,{id:3,items:32,online:0,pay:card,travel:242.458,search:49.2525}
236.304,2,traveler,,{phase:idle,steps:0,sigma:inf}
236.304,8,sink_walkin,,{count:2}
267.391,12,distributor,,{phase:send,hold:0,ok:0,q:[0,0,0,1,0],outbox:1,online:0}
267.391,13,generator,customerOut,{id:4,items:8,online:0,pay:card,travel:280.959,search:13.8991}
267.391,13,generator,,{phase:running,sigma:4.40342,nextId:5}
267.391,7,self0,,{phase:busy,lane:3,sigma:6.4}
267.391,12,distributor,out_self0,{id:4,items:8,online:0,pay:card,travel:280.959,search:13.8991}
267.391,12,distributor,out_whichLane,3
267.391,12,distributor,,{phase:idle,hold:0,ok:0,q:[0,0,0,1,0],outbox:0,online:0}
271.794,12,distributor,,{phase:send,hold:0,ok:0,q:[1,0,0,1,0],outbox:1,online:0}
271.794,13,generator,customerOut,{id:5,items:40,online:0,pay:cash,travel:360.417,search:272.841}
271.794,13,generator,,{phase:running,sigma:25.0064,nextId:6}
271.794,10,cash0,,{phase:busy,lane:0,sigma:40}
271.794,12,distributor,out_cash0,{id:5,items:40,online:0,pay:cash,travel:360.417,search:272.841}
271.794,12,distributor,out_whichLane,0
271.794,12,distributor,,{phase:idle,hold:0,ok:0,q:[1,0,0,1,0],outbox:0,online:0}
273.791,5,payment,,{phase:busy,sigma:11.6606,queued:0}
273.791,7,self0,out_toPayment,{id:4,items:8,online:0,pay:card,travel:280.959,search:13.8991}
273.791,7,self0,out_free,3
273.791,7,self0,,{phase:idle,lane:3,sigma:inf}
273.791,12,distributor,,{phase:send,hold:0,ok:1,q:[1,0,0,0,0],outbox:0,online:0}
273.791,12,distributor,out_okGo,1
273.791,12,distributor,,{phase:idle,hold:0,ok:0,q:[1,0,0,0,0],outbox:0,online:0}
273.791,13,generator,,{phase:running,sigma:23.0098,nextId:6}
285.452,2,traveler,,{phase:travel,steps:10,sigma:1}
285.452,5,payment,custOut,{id:4,items:8,online:0,pay:card,travel:280.959,search:13.8991}
285.452,5,payment,,{phase:idle,sigma:inf,queued:0}
286.452,2,traveler,,{phase:travel,steps:9,sigma:1}
287.452,2,traveler,,{phase:travel,steps:8,sigma:1}
288.452,2,traveler,,{phase:travel,steps:7,sigma:1}
289.452,2,traveler,,{phase:travel,steps:6,sigma:1}
290.452,2,traveler,,{phase:travel,steps:5,sigma:1}
291.452,2,traveler,,{phase:travel,steps:4,sigma:1}
292.452,2,traveler,,{phase:travel,steps:3,sigma:1}
293.452,2,traveler,,{phase:travel,steps:2,sigma:1}
294.452,2,traveler,,{phase:travel,steps:1,sigma:1}
295.452,2,traveler,custArrived,{id:4,items:8,online:0,pay:card,travel:280.959,search:13.8991}
295.452,2,traveler,,{phase:idle,steps:0,sigma:inf}
295.452,8,sink_walkin,,{count:3}
296.801,12,distributor,,{phase:send,hold:0,ok:0,q:[1,0,0,1,0],outbox:1,online:0}
296.801,13,generator,customerOut,{id:6,items:4,online:0,pay:card,travel:301.865,search:26.5743}
296.801,13,generator,,{phase:running,sigma:5.97159,nextId:7}
296.801,7,self0,,{phase:busy,lane:3,sigma:3.2}
296.801,12,distributor,out_self0,{id:6,items:4,online:0,pay:card,travel:301.865,search:26.5743}
296.801,12,distributor,out_whichLane,3
296.801,12,distributor,,{phase:idle,hold:0,ok:0,q:[1,0,0,1,0],outbox:0,online:0}
296.801,1,sink_online,,{count:0}
296.801,2,traveler,,{phase:idle,steps:0,sigma:inf}
296.801,3,curbside,,{phase:busy,sigma:352.986,queued:0}
296.801,4,packer,,{phase:idle,sigma:inf}
296.801,5,payment,,{phase:idle,sigma:inf,queued:0}
296.801,6,self1,,{phase:idle,lane:4,sigma:inf}
296.801,7,self0,,{phase:busy,lane:3,sigma:3.2}
296.801,8,sink_walkin,,{count:3}
296.801,9,cash2,,{phase:idle,lane:2,sigma:inf}
296.801,10,cash0,,{phase:busy,lane:0,sigma:40}
296.801,11,cash1,,{phase:idle,lane:1,sigma:inf}
296.801,12,distributor,,{phase:idle,hold:0,ok:0,q:[1,0,0,1,0],outbox:0,online:0}
296.801,13,generator,,{phase:running,sigma:5.97159,nextId:7}
Grocery store simulation completed.